TN:
SF:src/hooks/usePWA.ts
FN:69,(anonymous_0)
FN:87,(anonymous_1)
FN:99,(anonymous_2)
FN:100,(anonymous_3)
FN:107,(anonymous_4)
FN:109,(anonymous_5)
FN:118,(anonymous_6)
FN:138,(anonymous_7)
FN:144,(anonymous_8)
FN:153,(anonymous_9)
FN:156,(anonymous_10)
FN:164,(anonymous_11)
FN:170,(anonymous_12)
FN:189,(anonymous_13)
FN:214,(anonymous_14)
FN:225,(anonymous_15)
FN:237,(anonymous_16)
FN:290,(anonymous_17)
FN:336,(anonymous_18)
FN:344,(anonymous_19)
FN:358,(anonymous_20)
FN:370,(anonymous_21)
FN:389,(anonymous_22)
FN:417,(anonymous_23)
FN:432,(anonymous_24)
FN:438,(anonymous_25)
FN:442,(anonymous_26)
FN:443,(anonymous_27)
FN:457,(anonymous_28)
FNF:29
FNH:18
FNDA:6,(anonymous_0)
FNDA:5,(anonymous_1)
FNDA:0,(anonymous_2)
FNDA:0,(anonymous_3)
FNDA:5,(anonymous_4)
FNDA:5,(anonymous_5)
FNDA:0,(anonymous_6)
FNDA:1,(anonymous_7)
FNDA:1,(anonymous_8)
FNDA:1,(anonymous_9)
FNDA:0,(anonymous_10)
FNDA:0,(anonymous_11)
FNDA:0,(anonymous_12)
FNDA:2,(anonymous_13)
FNDA:5,(anonymous_14)
FNDA:5,(anonymous_15)
FNDA:0,(anonymous_16)
FNDA:1,(anonymous_17)
FNDA:1,(anonymous_18)
FNDA:0,(anonymous_19)
FNDA:5,(anonymous_20)
FNDA:0,(anonymous_21)
FNDA:2,(anonymous_22)
FNDA:0,(anonymous_23)
FNDA:5,(anonymous_24)
FNDA:5,(anonymous_25)
FNDA:5,(anonymous_26)
FNDA:0,(anonymous_27)
FNDA:5,(anonymous_28)
DA:1,1
DA:2,1
DA:69,1
DA:70,6
DA:71,6
DA:72,6
DA:73,6
DA:74,6
DA:75,6
DA:76,6
DA:77,6
DA:78,6
DA:79,6
DA:84,6
DA:87,6
DA:88,5
DA:89,5
DA:90,0
DA:91,0
DA:93,0
DA:99,6
DA:100,0
DA:101,0
DA:102,0
DA:103,0
DA:107,6
DA:109,5
DA:110,5
DA:113,5
DA:114,5
DA:118,5
DA:119,0
DA:120,0
DA:121,0
DA:124,0
DA:126,0
DA:129,0
DA:130,0
DA:138,5
DA:139,1
DA:140,1
DA:141,1
DA:143,1
DA:144,1
DA:146,1
DA:147,1
DA:150,0
DA:151,0
DA:154,1
DA:155,1
DA:157,0
DA:158,0
DA:164,5
DA:165,0
DA:166,0
DA:170,5
DA:171,0
DA:172,0
DA:173,0
DA:174,0
DA:177,0
DA:180,0
DA:181,0
DA:189,5
DA:190,2
DA:191,2
DA:192,2
DA:195,2
DA:197,0
DA:204,5
DA:205,5
DA:206,5
DA:207,5
DA:210,5
DA:211,5
DA:214,5
DA:215,5
DA:216,2
DA:222,5
DA:225,5
DA:226,5
DA:227,5
DA:228,5
DA:229,5
DA:231,5
DA:232,5
DA:237,6
DA:238,0
DA:239,0
DA:240,0
DA:243,0
DA:244,0
DA:245,0
DA:246,0
DA:248,0
DA:250,0
DA:251,0
DA:252,0
DA:253,0
DA:256,0
DA:257,0
DA:264,0
DA:267,0
DA:268,0
DA:275,0
DA:277,0
DA:280,0
DA:281,0
DA:290,6
DA:291,1
DA:292,1
DA:293,1
DA:294,1
DA:295,1
DA:296,1
DA:299,1
DA:300,1
DA:301,1
DA:304,1
DA:313,1
DA:314,0
DA:322,0
DA:325,0
DA:326,0
DA:336,6
DA:337,1
DA:338,1
DA:339,1
DA:340,1
DA:341,1
DA:344,1
DA:345,0
DA:348,1
DA:349,1
DA:352,0
DA:358,6
DA:359,5
DA:360,5
DA:361,5
DA:362,5
DA:364,0
DA:365,0
DA:370,6
DA:371,0
DA:372,0
DA:373,0
DA:374,0
DA:376,0
DA:379,0
DA:381,0
DA:383,0
DA:384,0
DA:389,6
DA:390,2
DA:391,0
DA:392,0
DA:395,2
DA:396,2
DA:399,2
DA:400,2
DA:401,2
DA:402,2
DA:403,1
DA:407,1
DA:408,1
DA:410,1
DA:411,1
DA:412,1
DA:417,6
DA:418,0
DA:420,0
DA:432,6
DA:433,5
DA:436,5
DA:438,5
DA:442,6
DA:443,5
DA:444,0
DA:445,0
DA:446,0
DA:449,0
DA:453,5
DA:454,5
DA:457,5
DA:458,5
DA:459,5
DA:464,6
LF:187
LH:113
BRDA:89,0,0,0
BRDA:110,1,0,5
BRDA:110,1,1,5
BRDA:110,1,2,5
BRDA:129,2,0,0
BRDA:129,3,0,0
BRDA:129,3,1,0
BRDA:140,4,0,1
BRDA:143,5,0,1
BRDA:146,6,0,1
BRDA:146,6,1,0
BRDA:180,7,0,0
BRDA:180,8,0,0
BRDA:180,8,1,0
BRDA:195,9,0,0
BRDA:195,10,0,2
BRDA:195,10,1,2
BRDA:210,11,0,5
BRDA:215,12,0,2
BRDA:215,13,0,5
BRDA:215,13,1,5
BRDA:231,14,0,5
BRDA:238,15,0,0
BRDA:250,16,0,0
BRDA:250,16,1,0
BRDA:256,17,0,0
BRDA:256,18,0,0
BRDA:256,18,1,0
BRDA:267,19,0,0
BRDA:267,20,0,0
BRDA:267,20,1,0
BRDA:280,21,0,0
BRDA:280,22,0,0
BRDA:280,22,1,0
BRDA:284,23,0,0
BRDA:284,23,1,0
BRDA:291,24,0,1
BRDA:294,25,0,1
BRDA:299,26,0,1
BRDA:313,27,0,0
BRDA:313,28,0,1
BRDA:313,28,1,1
BRDA:317,29,0,0
BRDA:317,29,1,0
BRDA:325,30,0,0
BRDA:325,31,0,0
BRDA:325,31,1,0
BRDA:337,32,0,1
BRDA:340,33,0,1
BRDA:340,34,0,1
BRDA:340,34,1,1
BRDA:390,35,0,0
BRDA:399,36,0,2
BRDA:401,37,0,2
BRDA:444,38,0,0
BRDA:444,39,0,0
BRDA:444,39,1,0
BRDA:453,40,0,5
BRDA:458,41,0,5
BRDA:469,42,0,0
BRDA:469,42,1,6
BRF:61
BRH:27
end_of_record
TN:
SF:src/lib/offline-storage.ts
FN:19,(anonymous_0)
FN:20,(anonymous_1)
FN:23,(anonymous_2)
FN:28,(anonymous_3)
FN:34,(anonymous_4)
FN:66,(anonymous_5)
FN:71,(anonymous_6)
FN:85,(anonymous_7)
FN:90,(anonymous_8)
FN:97,(anonymous_9)
FN:102,(anonymous_10)
FN:112,(anonymous_11)
FN:116,(anonymous_12)
FN:123,(anonymous_13)
FN:128,(anonymous_14)
FN:138,(anonymous_15)
FN:143,(anonymous_16)
FN:150,(anonymous_17)
FN:155,(anonymous_18)
FN:165,(anonymous_19)
FN:170,(anonymous_20)
FN:177,(anonymous_21)
FN:182,(anonymous_22)
FN:197,(anonymous_23)
FN:202,(anonymous_24)
FN:209,(anonymous_25)
FN:214,(anonymous_26)
FN:224,(anonymous_27)
FN:228,(anonymous_28)
FN:235,(anonymous_29)
FN:258,(anonymous_30)
FN:270,(anonymous_31)
FN:282,(anonymous_32)
FN:286,(anonymous_33)
FN:290,(anonymous_34)
FN:300,(anonymous_35)
FNF:36
FNH:4
FNDA:1,(anonymous_0)
FNDA:1,(anonymous_1)
FNDA:0,(anonymous_2)
FNDA:0,(anonymous_3)
FNDA:0,(anonymous_4)
FNDA:0,(anonymous_5)
FNDA:0,(anonymous_6)
FNDA:0,(anonymous_7)
FNDA:0,(anonymous_8)
FNDA:0,(anonymous_9)
FNDA:0,(anonymous_10)
FNDA:0,(anonymous_11)
FNDA:0,(anonymous_12)
FNDA:0,(anonymous_13)
FNDA:0,(anonymous_14)
FNDA:0,(anonymous_15)
FNDA:0,(anonymous_16)
FNDA:0,(anonymous_17)
FNDA:0,(anonymous_18)
FNDA:0,(anonymous_19)
FNDA:0,(anonymous_20)
FNDA:0,(anonymous_21)
FNDA:0,(anonymous_22)
FNDA:0,(anonymous_23)
FNDA:0,(anonymous_24)
FNDA:0,(anonymous_25)
FNDA:0,(anonymous_26)
FNDA:0,(anonymous_27)
FNDA:0,(anonymous_28)
FNDA:5,(anonymous_29)
FNDA:0,(anonymous_30)
FNDA:0,(anonymous_31)
FNDA:0,(anonymous_32)
FNDA:0,(anonymous_33)
FNDA:0,(anonymous_34)
FNDA:1,(anonymous_35)
DA:15,1
DA:16,1
DA:17,1
DA:20,1
DA:21,1
DA:23,0
DA:24,0
DA:25,0
DA:28,0
DA:29,0
DA:30,0
DA:31,0
DA:34,0
DA:35,0
DA:36,0
DA:39,0
DA:40,0
DA:41,0
DA:42,0
DA:46,0
DA:47,0
DA:48,0
DA:49,0
DA:53,0
DA:54,0
DA:55,0
DA:59,0
DA:60,0
DA:67,0
DA:68,0
DA:71,0
DA:72,0
DA:73,0
DA:74,0
DA:77,0
DA:78,0
DA:80,0
DA:85,0
DA:86,0
DA:87,0
DA:90,0
DA:91,0
DA:92,0
DA:98,0
DA:99,0
DA:102,0
DA:103,0
DA:104,0
DA:105,0
DA:108,0
DA:109,0
DA:110,0
DA:112,0
DA:113,0
DA:116,0
DA:117,0
DA:118,0
DA:124,0
DA:125,0
DA:128,0
DA:129,0
DA:130,0
DA:131,0
DA:134,0
DA:135,0
DA:136,0
DA:138,0
DA:139,0
DA:140,0
DA:143,0
DA:144,0
DA:145,0
DA:151,0
DA:152,0
DA:155,0
DA:156,0
DA:157,0
DA:158,0
DA:161,0
DA:162,0
DA:163,0
DA:165,0
DA:166,0
DA:167,0
DA:170,0
DA:171,0
DA:172,0
DA:178,0
DA:179,0
DA:182,0
DA:183,0
DA:184,0
DA:185,0
DA:188,0
DA:189,0
DA:191,0
DA:197,0
DA:198,0
DA:199,0
DA:202,0
DA:203,0
DA:204,0
DA:210,0
DA:211,0
DA:214,0
DA:215,0
DA:216,0
DA:217,0
DA:220,0
DA:221,0
DA:222,0
DA:224,0
DA:225,0
DA:228,0
DA:229,0
DA:230,0
DA:236,5
DA:237,5
DA:238,5
DA:239,5
DA:240,5
DA:241,5
DA:243,5
DA:245,0
DA:246,0
DA:250,0
DA:255,1
DA:258,1
DA:259,0
DA:267,0
DA:270,1
DA:271,0
DA:279,0
DA:282,1
DA:283,0
DA:286,1
DA:287,0
DA:290,1
DA:291,0
DA:299,1
DA:300,1
DA:301,1
LF:142
LH:21
BRDA:39,0,0,0
BRDA:46,1,0,0
BRDA:53,2,0,0
BRDA:59,3,0,0
BRDA:67,4,0,0
BRDA:72,5,0,0
BRDA:98,6,0,0
BRDA:103,7,0,0
BRDA:113,8,0,0
BRDA:113,8,1,0
BRDA:124,9,0,0
BRDA:129,10,0,0
BRDA:151,11,0,0
BRDA:156,12,0,0
BRDA:178,13,0,0
BRDA:183,14,0,0
BRDA:210,15,0,0
BRDA:215,16,0,0
BRDA:225,17,0,0
BRDA:225,17,1,0
BRDA:236,18,0,5
BRDA:236,19,0,5
BRDA:236,19,1,5
BRDA:239,20,0,5
BRDA:239,20,1,0
BRDA:240,21,0,5
BRDA:240,21,1,0
BRDA:241,22,0,5
BRDA:241,22,1,0
BRDA:299,23,0,1
BRF:30
BRH:7
end_of_record
